<?xml version="1.0" encoding="UTF-8"?>
<!-- Generated by org.testng.reporters.JUnitReportReporter -->
<testsuite hostname="DESKTOP-MT035TQ" failures="0" tests="2" name="com.Mystore.test.TC_MyAccountPageTestDriven" time="6.422" errors="0" timestamp="2025-01-08T11:50:50 IST" skipped="1">
  <testcase classname="com.Mystore.test.TC_MyAccountPageTestDriven" name="Verifylogin" time="6.422"/>
  <testcase classname="com.Mystore.test.TC_MyAccountPageTestDriven" name="VerifyregistrationAndLogin">
    <skipped/>
  </testcase> <!-- VerifyregistrationAndLogin -->
</testsuite> <!-- com.Mystore.test.TC_MyAccountPageTestDriven -->
