<?xml version="1.0" encoding="UTF-8"?>
<!-- Generated by org.testng.reporters.JUnitReportReporter -->
<testsuite hostname="DESKTOP-MT035TQ" failures="0" tests="2" name="com.Mystore.test.TC_MyAccountPageTest" time="2.588" errors="0" timestamp="2025-01-08T09:15:35 IST" skipped="1">
  <testcase classname="com.Mystore.test.TC_MyAccountPageTest" name="Verifylogin" time="2.588"/>
  <testcase classname="com.Mystore.test.TC_MyAccountPageTest" name="VerifyregistrationAndLogin">
    <skipped/>
  </testcase> <!-- VerifyregistrationAndLogin -->
</testsuite> <!-- com.Mystore.test.TC_MyAccountPageTest -->
