<?xml version="1.0" encoding="UTF-8"?>
<testng-results ignored="0" total="1" passed="1" failed="0" skipped="0">
  <reporter-output>
  </reporter-output>
  <suite started-at="2025-01-08T23:08:19 IST" name="Suite" finished-at="2025-01-08T23:08:49 IST" duration-ms="30107">
    <groups>
    </groups>
    <test started-at="2025-01-08T23:08:19 IST" name="Test" finished-at="2025-01-08T23:08:49 IST" duration-ms="30107">
      <class name="com.Mystore.test.TC_VerifySearchProduct">
        <test-method is-config="true" signature="setup()[pri:0, instance:com.Mystore.test.TC_VerifySearchProduct@1e800aaa]" started-at="2025-01-08T23:08:19 IST" name="setup" finished-at="2025-01-08T23:08:26 IST" duration-ms="6962" status="PASS">
          <reporter-output>
          </reporter-output>
        </test-method> <!-- setup -->
        <test-method signature="VerifySearchProduct()[pri:0, instance:com.Mystore.test.TC_VerifySearchProduct@1e800aaa]" started-at="2025-01-08T23:08:26 IST" name="VerifySearchProduct" finished-at="2025-01-08T23:08:49 IST" duration-ms="22751" status="PASS">
          <reporter-output>
          </reporter-output>
        </test-method> <!-- VerifySearchProduct -->
      </class> <!-- com.Mystore.test.TC_VerifySearchProduct -->
    </test> <!-- Test -->
  </suite> <!-- Suite -->
</testng-results>
